<?xml version="1.0" encoding="UTF-8"?>
<testng-results skipped="0" failed="0" total="1" passed="1">
  <reporter-output>
  </reporter-output>
  <suite name="Suite1" duration-ms="11545" started-at="2023-02-13T17:32:01Z" finished-at="2023-02-13T17:32:13Z">
    <groups>
    </groups>
    <test name="LoginTest" duration-ms="11545" started-at="2023-02-13T17:32:01Z" finished-at="2023-02-13T17:32:13Z">
      <class name="com.packt.tests.LoginTest">
        <test-method status="PASS" signature="loginTest()[pri:0, instance:com.packt.tests.LoginTest@3ec300f1]" name="loginTest" duration-ms="11515" started-at="2023-02-13T23:02:01Z" finished-at="2023-02-13T23:02:13Z">
          <reporter-output>
          </reporter-output>
        </test-method> <!-- loginTest -->
      </class> <!-- com.packt.tests.LoginTest -->
    </test> <!-- LoginTest -->
  </suite> <!-- Suite1 -->
</testng-results>
