<?xml version="1.0" encoding="UTF-8"?>
<!-- Generated by org.testng.reporters.JUnitXMLReporter -->
<testsuite hostname="SOURISH-PC" ignored="0" name="LoginTest - FF" tests="1" failures="0" timestamp="2023-02-23T14:48:53 IST" time="0.419" errors="0">
  <testcase name="@BeforeMethod setUp" time="0.353" classname="com.packt.base.BaseTest">
    <failure type="org.openqa.selenium.SessionNotCreatedException" message="Could not start a new session. Unable to parse remote response: Misconfigured -- Unsupported OS/browser/version/device combo: OS: &amp;apos;Windows 10&amp;apos;, Browser: &amp;apos;firefo&amp;apos;, Version: &amp;apos;latest&amp;apos;, Device: &amp;apos;unspecified&amp;apos; 
Host info: host: &amp;apos;SOURISH-PC&amp;apos;, ip: &amp;apos;192.168.0.107&amp;apos;">
      <![CDATA[org.openqa.selenium.SessionNotCreatedException: Could not start a new session. Unable to parse remote response: Misconfigured -- Unsupported OS/browser/version/device combo: OS: 'Windows 10', Browser: 'firefo', Version: 'latest', Device: 'unspecified' 
Host info: host: 'SOURISH-PC', ip: '192.168.0.107'
at org.openqa.selenium.remote.ProtocolHandshake.createSession(ProtocolHandshake.java:134)
at org.openqa.selenium.remote.ProtocolHandshake.createSession(ProtocolHandshake.java:106)
at org.openqa.selenium.remote.ProtocolHandshake.createSession(ProtocolHandshake.java:67)
at org.openqa.selenium.remote.HttpCommandExecutor.execute(HttpCommandExecutor.java:156)
at org.openqa.selenium.remote.TracedCommandExecutor.execute(TracedCommandExecutor.java:51)
at org.openqa.selenium.remote.RemoteWebDriver.execute(RemoteWebDriver.java:543)
at org.openqa.selenium.remote.RemoteWebDriver.startSession(RemoteWebDriver.java:229)
at org.openqa.selenium.remote.RemoteWebDriver.<init>(RemoteWebDriver.java:157)
at org.openqa.selenium.remote.RemoteWebDriver.<init>(RemoteWebDriver.java:139)
at com.packt.base.BrowserDriverFactory.createDriverSauce(BrowserDriverFactory.java:72)
at com.packt.base.BaseTest.setUp(BaseTest.java:27)
at java.util.ArrayList.forEach(ArrayList.java:1249)
Caused by: org.openqa.selenium.json.JsonException: Unable to parse: Misconfigured -- Unsupported OS/browser/version/device combo: OS: 'Windows 10', Browser: 'firefo', Version: 'latest', Device: 'unspecified'
at org.openqa.selenium.json.Json.toType(Json.java:57)
at org.openqa.selenium.json.Json.toType(Json.java:50)
at org.openqa.selenium.remote.ProtocolHandshake.createSession(ProtocolHandshake.java:131)
... 42 more
Caused by: org.openqa.selenium.json.JsonException: Unable to determine type from: M. Last 1 characters read: M
Build info: version: '4.8.0', revision: '267030adea'
System info: os.name: 'Windows 8.1', os.arch: 'amd64', os.version: '6.3', java.version: '1.8.0_101'
Driver info: driver.version: RemoteWebDriver
at org.openqa.selenium.json.JsonInput.peek(JsonInput.java:126)
at org.openqa.selenium.json.JsonTypeCoercer.lambda$buildCoercer$6(JsonTypeCoercer.java:141)
at org.openqa.selenium.json.JsonTypeCoercer.coerce(JsonTypeCoercer.java:127)
at org.openqa.selenium.json.Json.toType(Json.java:71)
at org.openqa.selenium.json.Json.toType(Json.java:55)
... 44 more
... Removed 31 stack frames]]>
    </failure>
  </testcase> <!-- @BeforeMethod setUp -->
  <testcase name="@AfterMethod tearDown" time="0.005" classname="com.packt.base.BaseTest">
    <failure type="java.lang.NullPointerException">
      <![CDATA[java.lang.NullPointerException
at com.packt.base.BaseTest.tearDown(BaseTest.java:40)
at java.util.ArrayList.forEach(ArrayList.java:1249)
... Removed 32 stack frames]]>
    </failure>
  </testcase> <!-- @AfterMethod tearDown -->
  <testcase name="loginTest" time="0.0" classname="com.packt.tests.LoginTest">
    <skipped/>
  </testcase> <!-- loginTest -->
</testsuite> <!-- LoginTest - FF -->
